/home/david/projects/sick_lidar_fusion_project/install/cam_lidar_fusion/lib/python3.10/site-packages/cam_lidar_fusion/fusion_node.py
/home/david/projects/sick_lidar_fusion_project/install/cam_lidar_fusion/lib/python3.10/site-packages/cam_lidar_fusion/project_pointcloudy_to_image.py
/home/david/projects/sick_lidar_fusion_project/install/cam_lidar_fusion/lib/python3.10/site-packages/cam_lidar_fusion/hsv_param_picker.py
/home/david/projects/sick_lidar_fusion_project/install/cam_lidar_fusion/lib/python3.10/site-packages/cam_lidar_fusion/camera_calibration.py
/home/david/projects/sick_lidar_fusion_project/install/cam_lidar_fusion/lib/python3.10/site-packages/cam_lidar_fusion/cone_detection.py
/home/david/projects/sick_lidar_fusion_project/install/cam_lidar_fusion/lib/python3.10/site-packages/cam_lidar_fusion/oak_d_camera_calibration.py
/home/david/projects/sick_lidar_fusion_project/install/cam_lidar_fusion/lib/python3.10/site-packages/cam_lidar_fusion/__init__.py
/home/david/projects/sick_lidar_fusion_project/install/cam_lidar_fusion/lib/python3.10/site-packages/cam_lidar_fusion/__pycache__/fusion_node.cpython-310.pyc
/home/david/projects/sick_lidar_fusion_project/install/cam_lidar_fusion/lib/python3.10/site-packages/cam_lidar_fusion/__pycache__/project_pointcloudy_to_image.cpython-310.pyc
/home/david/projects/sick_lidar_fusion_project/install/cam_lidar_fusion/lib/python3.10/site-packages/cam_lidar_fusion/__pycache__/hsv_param_picker.cpython-310.pyc
/home/david/projects/sick_lidar_fusion_project/install/cam_lidar_fusion/lib/python3.10/site-packages/cam_lidar_fusion/__pycache__/camera_calibration.cpython-310.pyc
/home/david/projects/sick_lidar_fusion_project/install/cam_lidar_fusion/lib/python3.10/site-packages/cam_lidar_fusion/__pycache__/cone_detection.cpython-310.pyc
/home/david/projects/sick_lidar_fusion_project/install/cam_lidar_fusion/lib/python3.10/site-packages/cam_lidar_fusion/__pycache__/oak_d_camera_calibration.cpython-310.pyc
/home/david/projects/sick_lidar_fusion_project/install/cam_lidar_fusion/lib/python3.10/site-packages/cam_lidar_fusion/__pycache__/__init__.cpython-310.pyc
/home/david/projects/sick_lidar_fusion_project/install/cam_lidar_fusion/share/ament_index/resource_index/packages/cam_lidar_fusion
/home/david/projects/sick_lidar_fusion_project/install/cam_lidar_fusion/share/cam_lidar_fusion/package.xml
/home/david/projects/sick_lidar_fusion_project/install/cam_lidar_fusion/lib/cam_lidar_fusion/cone_detection.py
/home/david/projects/sick_lidar_fusion_project/install/cam_lidar_fusion/lib/python3.10/site-packages/cam_lidar_fusion-0.0.0-py3.10.egg-info/zip-safe
/home/david/projects/sick_lidar_fusion_project/install/cam_lidar_fusion/lib/python3.10/site-packages/cam_lidar_fusion-0.0.0-py3.10.egg-info/entry_points.txt
/home/david/projects/sick_lidar_fusion_project/install/cam_lidar_fusion/lib/python3.10/site-packages/cam_lidar_fusion-0.0.0-py3.10.egg-info/PKG-INFO
/home/david/projects/sick_lidar_fusion_project/install/cam_lidar_fusion/lib/python3.10/site-packages/cam_lidar_fusion-0.0.0-py3.10.egg-info/requires.txt
/home/david/projects/sick_lidar_fusion_project/install/cam_lidar_fusion/lib/python3.10/site-packages/cam_lidar_fusion-0.0.0-py3.10.egg-info/SOURCES.txt
/home/david/projects/sick_lidar_fusion_project/install/cam_lidar_fusion/lib/python3.10/site-packages/cam_lidar_fusion-0.0.0-py3.10.egg-info/top_level.txt
/home/david/projects/sick_lidar_fusion_project/install/cam_lidar_fusion/lib/python3.10/site-packages/cam_lidar_fusion-0.0.0-py3.10.egg-info/dependency_links.txt
/home/david/projects/sick_lidar_fusion_project/install/cam_lidar_fusion/lib/cam_lidar_fusion/fusion_node
