[0.718s] DEBUG:colcon:Command line arguments: ['/usr/bin/colcon', 'build']
[0.718s] DEBUG:colcon:Parsed command line arguments: Namespace(log_base=None, log_level=None, verb_name='build', build_base='build', install_base='install', merge_install=False, symlink_install=False, test_result_base=None, continue_on_error=False, executor='parallel', parallel_workers=8, event_handlers=None, ignore_user_meta=False, metas=['./colcon.meta'], base_paths=['.'], packages_ignore=None, packages_ignore_regex=None, paths=None, packages_up_to=None, packages_up_to_regex=None, packages_above=None, packages_above_and_dependencies=None, packages_above_depth=None, packages_select_by_dep=None, packages_skip_by_dep=None, packages_skip_up_to=None, packages_select_build_failed=False, packages_skip_build_finished=False, packages_select_test_failures=False, packages_skip_test_passed=False, packages_select=None, packages_skip=None, packages_select_regex=None, packages_skip_regex=None, packages_start=None, packages_end=None, allow_overriding=[], cmake_args=None, cmake_target=None, cmake_target_skip_unavailable=False, cmake_clean_cache=False, cmake_clean_first=False, cmake_force_configure=False, ament_cmake_args=None, catkin_cmake_args=None, catkin_skip_building_tests=False, verb_parser=<colcon_defaults.argument_parser.defaults.DefaultArgumentsDecorator object at 0x7f7bbbba8d00>, verb_extension=<colcon_core.verb.build.BuildVerb object at 0x7f7bbbfefac0>, main=<bound method BuildVerb.main of <colcon_core.verb.build.BuildVerb object at 0x7f7bbbfefac0>>)
[0.751s] Level 1:colcon.colcon_core.package_discovery:discover_packages(colcon_meta) check parameters
[0.751s] Level 1:colcon.colcon_core.package_discovery:discover_packages(recursive) check parameters
[0.751s] Level 1:colcon.colcon_core.package_discovery:discover_packages(ignore) check parameters
[0.751s] Level 1:colcon.colcon_core.package_discovery:discover_packages(path) check parameters
[0.751s] Level 1:colcon.colcon_core.package_discovery:discover_packages(colcon_meta) discover
[0.751s] Level 1:colcon.colcon_core.package_discovery:discover_packages(recursive) discover
[0.751s] INFO:colcon.colcon_core.package_discovery:Crawling recursively for packages in '/home/david/Documents/UCSD/TritonAI/sick_lidar_fusion_project/src/cam_lidar_fusion'
[0.752s] Level 1:colcon.colcon_core.package_identification:_identify(.) by extensions ['ignore', 'ignore_ament_install']
[0.752s] Level 1:colcon.colcon_core.package_identification:_identify(.) by extension 'ignore'
[0.752s] Level 1:colcon.colcon_core.package_identification:_identify(.) by extension 'ignore_ament_install'
[0.752s] Level 1:colcon.colcon_core.package_identification:_identify(.) by extensions ['colcon_pkg']
[0.752s] Level 1:colcon.colcon_core.package_identification:_identify(.) by extension 'colcon_pkg'
[0.752s] Level 1:colcon.colcon_core.package_identification:_identify(.) by extensions ['colcon_meta']
[0.752s] Level 1:colcon.colcon_core.package_identification:_identify(.) by extension 'colcon_meta'
[0.752s] Level 1:colcon.colcon_core.package_identification:_identify(.) by extensions ['ros']
[0.752s] Level 1:colcon.colcon_core.package_identification:_identify(.) by extension 'ros'
[0.760s] DEBUG:colcon.colcon_core.package_identification:Package '.' with type 'ros.ament_python' and name 'cam_lidar_fusion'
[0.760s] Level 1:colcon.colcon_core.package_discovery:discover_packages(recursive) using defaults
[0.760s] Level 1:colcon.colcon_core.package_discovery:discover_packages(ignore) discover
[0.760s] Level 1:colcon.colcon_core.package_discovery:discover_packages(ignore) using defaults
[0.760s] Level 1:colcon.colcon_core.package_discovery:discover_packages(path) discover
[0.760s] Level 1:colcon.colcon_core.package_discovery:discover_packages(path) using defaults
[0.835s] Level 1:colcon.colcon_core.package_discovery:discover_packages(prefix_path) check parameters
[0.836s] Level 1:colcon.colcon_core.package_discovery:discover_packages(prefix_path) discover
[0.857s] DEBUG:colcon.colcon_installed_package_information.package_discovery:Found 1 installed packages in /home/david/Documents/UCSD/TritonAI/sick_lidar_fusion_project/src/cam_lidar_fusion/install
[0.869s] DEBUG:colcon.colcon_installed_package_information.package_discovery:Found 359 installed packages in /opt/ros/iron
[0.870s] Level 1:colcon.colcon_core.package_discovery:discover_packages(prefix_path) using defaults
[0.932s] Level 5:colcon.colcon_core.verb:set package 'cam_lidar_fusion' build argument 'cmake_args' from command line to 'None'
[0.932s] Level 5:colcon.colcon_core.verb:set package 'cam_lidar_fusion' build argument 'cmake_target' from command line to 'None'
[0.932s] Level 5:colcon.colcon_core.verb:set package 'cam_lidar_fusion' build argument 'cmake_target_skip_unavailable' from command line to 'False'
[0.932s] Level 5:colcon.colcon_core.verb:set package 'cam_lidar_fusion' build argument 'cmake_clean_cache' from command line to 'False'
[0.932s] Level 5:colcon.colcon_core.verb:set package 'cam_lidar_fusion' build argument 'cmake_clean_first' from command line to 'False'
[0.932s] Level 5:colcon.colcon_core.verb:set package 'cam_lidar_fusion' build argument 'cmake_force_configure' from command line to 'False'
[0.932s] Level 5:colcon.colcon_core.verb:set package 'cam_lidar_fusion' build argument 'ament_cmake_args' from command line to 'None'
[0.932s] Level 5:colcon.colcon_core.verb:set package 'cam_lidar_fusion' build argument 'catkin_cmake_args' from command line to 'None'
[0.932s] Level 5:colcon.colcon_core.verb:set package 'cam_lidar_fusion' build argument 'catkin_skip_building_tests' from command line to 'False'
[0.932s] DEBUG:colcon.colcon_core.verb:Building package 'cam_lidar_fusion' with the following arguments: {'ament_cmake_args': None, 'build_base': '/home/david/Documents/UCSD/TritonAI/sick_lidar_fusion_project/src/cam_lidar_fusion/build/cam_lidar_fusion', 'catkin_cmake_args': None, 'catkin_skip_building_tests': False, 'cmake_args': None, 'cmake_clean_cache': False, 'cmake_clean_first': False, 'cmake_force_configure': False, 'cmake_target': None, 'cmake_target_skip_unavailable': False, 'install_base': '/home/david/Documents/UCSD/TritonAI/sick_lidar_fusion_project/src/cam_lidar_fusion/install/cam_lidar_fusion', 'merge_install': False, 'path': '/home/david/Documents/UCSD/TritonAI/sick_lidar_fusion_project/src/cam_lidar_fusion', 'symlink_install': False, 'test_result_base': None}
[0.943s] INFO:colcon.colcon_core.executor:Executing jobs using 'parallel' executor
[0.954s] DEBUG:colcon.colcon_parallel_executor.executor.parallel:run_until_complete
[0.954s] INFO:colcon.colcon_ros.task.ament_python.build:Building ROS package in '/home/david/Documents/UCSD/TritonAI/sick_lidar_fusion_project/src/cam_lidar_fusion' with build type 'ament_python'
[0.954s] Level 1:colcon.colcon_core.shell:create_environment_hook('cam_lidar_fusion', 'ament_prefix_path')
[0.966s] INFO:colcon.colcon_core.plugin_system:Skipping extension 'colcon_core.shell.bat': Not used on non-Windows systems
[0.966s] INFO:colcon.colcon_core.shell:Creating environment hook '/home/david/Documents/UCSD/TritonAI/sick_lidar_fusion_project/src/cam_lidar_fusion/install/cam_lidar_fusion/share/cam_lidar_fusion/hook/ament_prefix_path.ps1'
[0.966s] INFO:colcon.colcon_core.shell:Creating environment descriptor '/home/david/Documents/UCSD/TritonAI/sick_lidar_fusion_project/src/cam_lidar_fusion/install/cam_lidar_fusion/share/cam_lidar_fusion/hook/ament_prefix_path.dsv'
[0.967s] INFO:colcon.colcon_core.shell:Creating environment hook '/home/david/Documents/UCSD/TritonAI/sick_lidar_fusion_project/src/cam_lidar_fusion/install/cam_lidar_fusion/share/cam_lidar_fusion/hook/ament_prefix_path.sh'
[0.978s] INFO:colcon.colcon_core.shell:Skip shell extension 'powershell' for command environment: Not usable outside of PowerShell
[0.978s] DEBUG:colcon.colcon_core.shell:Skip shell extension 'dsv' for command environment
[1.190s] INFO:colcon.colcon_core.task.python.build:Building Python package in '/home/david/Documents/UCSD/TritonAI/sick_lidar_fusion_project/src/cam_lidar_fusion'
[1.201s] INFO:colcon.colcon_core.shell:Skip shell extension 'powershell' for command environment: Not usable outside of PowerShell
[1.201s] DEBUG:colcon.colcon_core.shell:Skip shell extension 'dsv' for command environment
[1.489s] DEBUG:colcon.colcon_core.event_handler.log_command:Invoking command in '/home/david/Documents/UCSD/TritonAI/sick_lidar_fusion_project/src/cam_lidar_fusion': PYTHONPATH=/home/david/Documents/UCSD/TritonAI/sick_lidar_fusion_project/src/cam_lidar_fusion/build/cam_lidar_fusion/prefix_override:/home/david/Documents/UCSD/TritonAI/sick_lidar_fusion_project/src/cam_lidar_fusion/install/cam_lidar_fusion/lib/python3.10/site-packages:${PYTHONPATH} /usr/bin/python3 setup.py egg_info --egg-base build/cam_lidar_fusion build --build-base /home/david/Documents/UCSD/TritonAI/sick_lidar_fusion_project/src/cam_lidar_fusion/build/cam_lidar_fusion/build install --record /home/david/Documents/UCSD/TritonAI/sick_lidar_fusion_project/src/cam_lidar_fusion/build/cam_lidar_fusion/install.log --single-version-externally-managed
[1.688s] DEBUG:colcon.colcon_core.event_handler.log_command:Invoked command in '/home/david/Documents/UCSD/TritonAI/sick_lidar_fusion_project/src/cam_lidar_fusion' returned '0': PYTHONPATH=/home/david/Documents/UCSD/TritonAI/sick_lidar_fusion_project/src/cam_lidar_fusion/build/cam_lidar_fusion/prefix_override:/home/david/Documents/UCSD/TritonAI/sick_lidar_fusion_project/src/cam_lidar_fusion/install/cam_lidar_fusion/lib/python3.10/site-packages:${PYTHONPATH} /usr/bin/python3 setup.py egg_info --egg-base build/cam_lidar_fusion build --build-base /home/david/Documents/UCSD/TritonAI/sick_lidar_fusion_project/src/cam_lidar_fusion/build/cam_lidar_fusion/build install --record /home/david/Documents/UCSD/TritonAI/sick_lidar_fusion_project/src/cam_lidar_fusion/build/cam_lidar_fusion/install.log --single-version-externally-managed
[1.700s] Level 1:colcon.colcon_core.environment:checking '/home/david/Documents/UCSD/TritonAI/sick_lidar_fusion_project/src/cam_lidar_fusion/install/cam_lidar_fusion' for CMake module files
[1.701s] Level 1:colcon.colcon_core.environment:checking '/home/david/Documents/UCSD/TritonAI/sick_lidar_fusion_project/src/cam_lidar_fusion/install/cam_lidar_fusion' for CMake config files
[1.701s] Level 1:colcon.colcon_core.environment:checking '/home/david/Documents/UCSD/TritonAI/sick_lidar_fusion_project/src/cam_lidar_fusion/install/cam_lidar_fusion/lib'
[1.701s] Level 1:colcon.colcon_core.environment:checking '/home/david/Documents/UCSD/TritonAI/sick_lidar_fusion_project/src/cam_lidar_fusion/install/cam_lidar_fusion/bin'
[1.701s] Level 1:colcon.colcon_core.environment:checking '/home/david/Documents/UCSD/TritonAI/sick_lidar_fusion_project/src/cam_lidar_fusion/install/cam_lidar_fusion/lib/pkgconfig/cam_lidar_fusion.pc'
[1.701s] Level 1:colcon.colcon_core.environment:checking '/home/david/Documents/UCSD/TritonAI/sick_lidar_fusion_project/src/cam_lidar_fusion/install/cam_lidar_fusion/lib/python3.10/site-packages'
[1.701s] Level 1:colcon.colcon_core.shell:create_environment_hook('cam_lidar_fusion', 'pythonpath')
[1.712s] INFO:colcon.colcon_core.shell:Creating environment hook '/home/david/Documents/UCSD/TritonAI/sick_lidar_fusion_project/src/cam_lidar_fusion/install/cam_lidar_fusion/share/cam_lidar_fusion/hook/pythonpath.ps1'
[1.712s] INFO:colcon.colcon_core.shell:Creating environment descriptor '/home/david/Documents/UCSD/TritonAI/sick_lidar_fusion_project/src/cam_lidar_fusion/install/cam_lidar_fusion/share/cam_lidar_fusion/hook/pythonpath.dsv'
[1.713s] INFO:colcon.colcon_core.shell:Creating environment hook '/home/david/Documents/UCSD/TritonAI/sick_lidar_fusion_project/src/cam_lidar_fusion/install/cam_lidar_fusion/share/cam_lidar_fusion/hook/pythonpath.sh'
[1.713s] Level 1:colcon.colcon_core.environment:checking '/home/david/Documents/UCSD/TritonAI/sick_lidar_fusion_project/src/cam_lidar_fusion/install/cam_lidar_fusion/bin'
[1.713s] Level 1:colcon.colcon_core.environment:create_environment_scripts_only(cam_lidar_fusion)
[1.724s] INFO:colcon.colcon_core.shell:Creating package script '/home/david/Documents/UCSD/TritonAI/sick_lidar_fusion_project/src/cam_lidar_fusion/install/cam_lidar_fusion/share/cam_lidar_fusion/package.ps1'
[1.724s] INFO:colcon.colcon_core.shell:Creating package descriptor '/home/david/Documents/UCSD/TritonAI/sick_lidar_fusion_project/src/cam_lidar_fusion/install/cam_lidar_fusion/share/cam_lidar_fusion/package.dsv'
[1.724s] INFO:colcon.colcon_core.shell:Creating package script '/home/david/Documents/UCSD/TritonAI/sick_lidar_fusion_project/src/cam_lidar_fusion/install/cam_lidar_fusion/share/cam_lidar_fusion/package.sh'
[1.725s] INFO:colcon.colcon_core.shell:Creating package script '/home/david/Documents/UCSD/TritonAI/sick_lidar_fusion_project/src/cam_lidar_fusion/install/cam_lidar_fusion/share/cam_lidar_fusion/package.bash'
[1.725s] INFO:colcon.colcon_core.shell:Creating package script '/home/david/Documents/UCSD/TritonAI/sick_lidar_fusion_project/src/cam_lidar_fusion/install/cam_lidar_fusion/share/cam_lidar_fusion/package.zsh'
[1.726s] Level 1:colcon.colcon_core.environment:create_file_with_runtime_dependencies(/home/david/Documents/UCSD/TritonAI/sick_lidar_fusion_project/src/cam_lidar_fusion/install/cam_lidar_fusion/share/colcon-core/packages/cam_lidar_fusion)
[1.726s] DEBUG:colcon.colcon_parallel_executor.executor.parallel:closing loop
[1.726s] DEBUG:colcon.colcon_parallel_executor.executor.parallel:loop closed
[1.726s] DEBUG:colcon.colcon_parallel_executor.executor.parallel:run_until_complete finished with '0'
[1.726s] DEBUG:colcon.colcon_core.event_reactor:joining thread
[1.740s] INFO:colcon.colcon_core.plugin_system:Skipping extension 'colcon_notification.desktop_notification.terminal_notifier': Not used on non-Darwin systems
[1.741s] INFO:colcon.colcon_core.plugin_system:Skipping extension 'colcon_notification.desktop_notification.win32': Not used on non-Windows systems
[1.741s] INFO:colcon.colcon_notification.desktop_notification:Sending desktop notification using 'notify2'
[1.748s] DEBUG:colcon.colcon_core.event_reactor:joined thread
[1.760s] INFO:colcon.colcon_core.shell:Creating prefix script '/home/david/Documents/UCSD/TritonAI/sick_lidar_fusion_project/src/cam_lidar_fusion/install/local_setup.ps1'
[1.760s] INFO:colcon.colcon_core.shell:Creating prefix util module '/home/david/Documents/UCSD/TritonAI/sick_lidar_fusion_project/src/cam_lidar_fusion/install/_local_setup_util_ps1.py'
[1.761s] INFO:colcon.colcon_core.shell:Creating prefix chain script '/home/david/Documents/UCSD/TritonAI/sick_lidar_fusion_project/src/cam_lidar_fusion/install/setup.ps1'
[1.774s] INFO:colcon.colcon_core.shell:Creating prefix script '/home/david/Documents/UCSD/TritonAI/sick_lidar_fusion_project/src/cam_lidar_fusion/install/local_setup.sh'
[1.774s] INFO:colcon.colcon_core.shell:Creating prefix util module '/home/david/Documents/UCSD/TritonAI/sick_lidar_fusion_project/src/cam_lidar_fusion/install/_local_setup_util_sh.py'
[1.774s] INFO:colcon.colcon_core.shell:Creating prefix chain script '/home/david/Documents/UCSD/TritonAI/sick_lidar_fusion_project/src/cam_lidar_fusion/install/setup.sh'
[1.789s] INFO:colcon.colcon_core.shell:Creating prefix script '/home/david/Documents/UCSD/TritonAI/sick_lidar_fusion_project/src/cam_lidar_fusion/install/local_setup.bash'
[1.789s] INFO:colcon.colcon_core.shell:Creating prefix chain script '/home/david/Documents/UCSD/TritonAI/sick_lidar_fusion_project/src/cam_lidar_fusion/install/setup.bash'
[1.802s] INFO:colcon.colcon_core.shell:Creating prefix script '/home/david/Documents/UCSD/TritonAI/sick_lidar_fusion_project/src/cam_lidar_fusion/install/local_setup.zsh'
[1.802s] INFO:colcon.colcon_core.shell:Creating prefix chain script '/home/david/Documents/UCSD/TritonAI/sick_lidar_fusion_project/src/cam_lidar_fusion/install/setup.zsh'
