[0.530s] Invoking command in '/home/david/Documents/UCSD/TritonAI/sick_lidar_fusion_project/src/cam_lidar_fusion': PYTHONPATH=/home/david/Documents/UCSD/TritonAI/sick_lidar_fusion_project/src/cam_lidar_fusion/build/cam_lidar_fusion/prefix_override:/home/david/Documents/UCSD/TritonAI/sick_lidar_fusion_project/src/cam_lidar_fusion/install/cam_lidar_fusion/lib/python3.10/site-packages:${PYTHONPATH} /usr/bin/python3 setup.py egg_info --egg-base build/cam_lidar_fusion build --build-base /home/david/Documents/UCSD/TritonAI/sick_lidar_fusion_project/src/cam_lidar_fusion/build/cam_lidar_fusion/build install --record /home/david/Documents/UCSD/TritonAI/sick_lidar_fusion_project/src/cam_lidar_fusion/build/cam_lidar_fusion/install.log --single-version-externally-managed
[0.689s] running egg_info
[0.689s] writing build/cam_lidar_fusion/cam_lidar_fusion.egg-info/PKG-INFO
[0.689s] writing dependency_links to build/cam_lidar_fusion/cam_lidar_fusion.egg-info/dependency_links.txt
[0.690s] writing entry points to build/cam_lidar_fusion/cam_lidar_fusion.egg-info/entry_points.txt
[0.690s] writing requirements to build/cam_lidar_fusion/cam_lidar_fusion.egg-info/requires.txt
[0.690s] writing top-level names to build/cam_lidar_fusion/cam_lidar_fusion.egg-info/top_level.txt
[0.691s] reading manifest file 'build/cam_lidar_fusion/cam_lidar_fusion.egg-info/SOURCES.txt'
[0.696s] writing manifest file 'build/cam_lidar_fusion/cam_lidar_fusion.egg-info/SOURCES.txt'
[0.696s] running build
[0.696s] running build_py
[0.697s] running install
[0.697s] /usr/lib/python3/dist-packages/setuptools/command/install.py:34: SetuptoolsDeprecationWarning: setup.py install is deprecated. Use build and pip and other standards-based tools.
[0.697s]   warnings.warn(
[0.697s] running install_lib
[0.698s] running install_data
[0.698s] running install_egg_info
[0.699s] removing '/home/david/Documents/UCSD/TritonAI/sick_lidar_fusion_project/src/cam_lidar_fusion/install/cam_lidar_fusion/lib/python3.10/site-packages/cam_lidar_fusion-0.0.0-py3.10.egg-info' (and everything under it)
[0.699s] Copying build/cam_lidar_fusion/cam_lidar_fusion.egg-info to /home/david/Documents/UCSD/TritonAI/sick_lidar_fusion_project/src/cam_lidar_fusion/install/cam_lidar_fusion/lib/python3.10/site-packages/cam_lidar_fusion-0.0.0-py3.10.egg-info
[0.700s] running install_scripts
[0.712s] Installing lidar_subscriber script to /home/david/Documents/UCSD/TritonAI/sick_lidar_fusion_project/src/cam_lidar_fusion/install/cam_lidar_fusion/lib/cam_lidar_fusion
[0.712s] writing list of installed files to '/home/david/Documents/UCSD/TritonAI/sick_lidar_fusion_project/src/cam_lidar_fusion/build/cam_lidar_fusion/install.log'
[0.728s] Invoked command in '/home/david/Documents/UCSD/TritonAI/sick_lidar_fusion_project/src/cam_lidar_fusion' returned '0': PYTHONPATH=/home/david/Documents/UCSD/TritonAI/sick_lidar_fusion_project/src/cam_lidar_fusion/build/cam_lidar_fusion/prefix_override:/home/david/Documents/UCSD/TritonAI/sick_lidar_fusion_project/src/cam_lidar_fusion/install/cam_lidar_fusion/lib/python3.10/site-packages:${PYTHONPATH} /usr/bin/python3 setup.py egg_info --egg-base build/cam_lidar_fusion build --build-base /home/david/Documents/UCSD/TritonAI/sick_lidar_fusion_project/src/cam_lidar_fusion/build/cam_lidar_fusion/build install --record /home/david/Documents/UCSD/TritonAI/sick_lidar_fusion_project/src/cam_lidar_fusion/build/cam_lidar_fusion/install.log --single-version-externally-managed
