[0.536s] Invoking command in '/home/tritonai/projects/sick_lidar_fusion_project/src/cam_lidar_fusion': PYTHONPATH=/home/tritonai/projects/sick_lidar_fusion_project/src/cam_lidar_fusion/build/cam_lidar_fusion/prefix_override:/home/tritonai/projects/sick_lidar_fusion_project/src/cam_lidar_fusion/install/cam_lidar_fusion/lib/python3.10/site-packages:${PYTHONPATH} /usr/bin/python3 setup.py egg_info --egg-base build/cam_lidar_fusion build --build-base /home/tritonai/projects/sick_lidar_fusion_project/src/cam_lidar_fusion/build/cam_lidar_fusion/build install --record /home/tritonai/projects/sick_lidar_fusion_project/src/cam_lidar_fusion/build/cam_lidar_fusion/install.log --single-version-externally-managed
[0.702s] running egg_info
[0.702s] writing build/cam_lidar_fusion/cam_lidar_fusion.egg-info/PKG-INFO
[0.703s] writing dependency_links to build/cam_lidar_fusion/cam_lidar_fusion.egg-info/dependency_links.txt
[0.703s] writing entry points to build/cam_lidar_fusion/cam_lidar_fusion.egg-info/entry_points.txt
[0.703s] writing requirements to build/cam_lidar_fusion/cam_lidar_fusion.egg-info/requires.txt
[0.703s] writing top-level names to build/cam_lidar_fusion/cam_lidar_fusion.egg-info/top_level.txt
[0.704s] reading manifest file 'build/cam_lidar_fusion/cam_lidar_fusion.egg-info/SOURCES.txt'
[0.704s] writing manifest file 'build/cam_lidar_fusion/cam_lidar_fusion.egg-info/SOURCES.txt'
[0.705s] running build
[0.705s] running build_py
[0.705s] copying cam_lidar_fusion/hsv_param_picker.py -> /home/tritonai/projects/sick_lidar_fusion_project/src/cam_lidar_fusion/build/cam_lidar_fusion/build/lib/cam_lidar_fusion
[0.705s] running install
[0.705s] /usr/lib/python3/dist-packages/setuptools/command/install.py:34: SetuptoolsDeprecationWarning: setup.py install is deprecated. Use build and pip and other standards-based tools.
[0.705s]   warnings.warn(
[0.705s] running install_lib
[0.706s] copying /home/tritonai/projects/sick_lidar_fusion_project/src/cam_lidar_fusion/build/cam_lidar_fusion/build/lib/cam_lidar_fusion/hsv_param_picker.py -> /home/tritonai/projects/sick_lidar_fusion_project/src/cam_lidar_fusion/install/cam_lidar_fusion/lib/python3.10/site-packages/cam_lidar_fusion
[0.706s] byte-compiling /home/tritonai/projects/sick_lidar_fusion_project/src/cam_lidar_fusion/install/cam_lidar_fusion/lib/python3.10/site-packages/cam_lidar_fusion/hsv_param_picker.py to hsv_param_picker.cpython-310.pyc
[0.707s] running install_data
[0.708s] running install_egg_info
[0.709s] removing '/home/tritonai/projects/sick_lidar_fusion_project/src/cam_lidar_fusion/install/cam_lidar_fusion/lib/python3.10/site-packages/cam_lidar_fusion-0.0.0-py3.10.egg-info' (and everything under it)
[0.709s] Copying build/cam_lidar_fusion/cam_lidar_fusion.egg-info to /home/tritonai/projects/sick_lidar_fusion_project/src/cam_lidar_fusion/install/cam_lidar_fusion/lib/python3.10/site-packages/cam_lidar_fusion-0.0.0-py3.10.egg-info
[0.710s] running install_scripts
[0.723s] Installing fusion_node script to /home/tritonai/projects/sick_lidar_fusion_project/src/cam_lidar_fusion/install/cam_lidar_fusion/lib/cam_lidar_fusion
[0.723s] writing list of installed files to '/home/tritonai/projects/sick_lidar_fusion_project/src/cam_lidar_fusion/build/cam_lidar_fusion/install.log'
[0.739s] Invoked command in '/home/tritonai/projects/sick_lidar_fusion_project/src/cam_lidar_fusion' returned '0': PYTHONPATH=/home/tritonai/projects/sick_lidar_fusion_project/src/cam_lidar_fusion/build/cam_lidar_fusion/prefix_override:/home/tritonai/projects/sick_lidar_fusion_project/src/cam_lidar_fusion/install/cam_lidar_fusion/lib/python3.10/site-packages:${PYTHONPATH} /usr/bin/python3 setup.py egg_info --egg-base build/cam_lidar_fusion build --build-base /home/tritonai/projects/sick_lidar_fusion_project/src/cam_lidar_fusion/build/cam_lidar_fusion/build install --record /home/tritonai/projects/sick_lidar_fusion_project/src/cam_lidar_fusion/build/cam_lidar_fusion/install.log --single-version-externally-managed
