[0.493s] Invoking command in '/home/tritonai/projects/sick_lidar_fusion_project/src/cam_lidar_fusion': PYTHONPATH=/home/tritonai/projects/sick_lidar_fusion_project/src/cam_lidar_fusion/build/cam_lidar_fusion/prefix_override:/home/tritonai/projects/sick_lidar_fusion_project/src/cam_lidar_fusion/install/cam_lidar_fusion/lib/python3.10/site-packages:${PYTHONPATH} /usr/bin/python3 setup.py egg_info --egg-base build/cam_lidar_fusion build --build-base /home/tritonai/projects/sick_lidar_fusion_project/src/cam_lidar_fusion/build/cam_lidar_fusion/build install --record /home/tritonai/projects/sick_lidar_fusion_project/src/cam_lidar_fusion/build/cam_lidar_fusion/install.log --single-version-externally-managed
[0.649s] running egg_info
[0.649s] writing build/cam_lidar_fusion/cam_lidar_fusion.egg-info/PKG-INFO
[0.649s] writing dependency_links to build/cam_lidar_fusion/cam_lidar_fusion.egg-info/dependency_links.txt
[0.649s] writing entry points to build/cam_lidar_fusion/cam_lidar_fusion.egg-info/entry_points.txt
[0.650s] writing requirements to build/cam_lidar_fusion/cam_lidar_fusion.egg-info/requires.txt
[0.650s] writing top-level names to build/cam_lidar_fusion/cam_lidar_fusion.egg-info/top_level.txt
[0.651s] reading manifest file 'build/cam_lidar_fusion/cam_lidar_fusion.egg-info/SOURCES.txt'
[0.651s] writing manifest file 'build/cam_lidar_fusion/cam_lidar_fusion.egg-info/SOURCES.txt'
[0.651s] running build
[0.651s] running build_py
[0.651s] copying cam_lidar_fusion/fusion_node.py -> /home/tritonai/projects/sick_lidar_fusion_project/src/cam_lidar_fusion/build/cam_lidar_fusion/build/lib/cam_lidar_fusion
[0.652s] copying cam_lidar_fusion/camera_calibration.py -> /home/tritonai/projects/sick_lidar_fusion_project/src/cam_lidar_fusion/build/cam_lidar_fusion/build/lib/cam_lidar_fusion
[0.652s] copying cam_lidar_fusion/oak_d_camera_calibration.py -> /home/tritonai/projects/sick_lidar_fusion_project/src/cam_lidar_fusion/build/cam_lidar_fusion/build/lib/cam_lidar_fusion
[0.652s] running install
[0.652s] /usr/lib/python3/dist-packages/setuptools/command/install.py:34: SetuptoolsDeprecationWarning: setup.py install is deprecated. Use build and pip and other standards-based tools.
[0.652s]   warnings.warn(
[0.652s] running install_lib
[0.653s] copying /home/tritonai/projects/sick_lidar_fusion_project/src/cam_lidar_fusion/build/cam_lidar_fusion/build/lib/cam_lidar_fusion/fusion_node.py -> /home/tritonai/projects/sick_lidar_fusion_project/src/cam_lidar_fusion/install/cam_lidar_fusion/lib/python3.10/site-packages/cam_lidar_fusion
[0.653s] copying /home/tritonai/projects/sick_lidar_fusion_project/src/cam_lidar_fusion/build/cam_lidar_fusion/build/lib/cam_lidar_fusion/camera_calibration.py -> /home/tritonai/projects/sick_lidar_fusion_project/src/cam_lidar_fusion/install/cam_lidar_fusion/lib/python3.10/site-packages/cam_lidar_fusion
[0.653s] copying /home/tritonai/projects/sick_lidar_fusion_project/src/cam_lidar_fusion/build/cam_lidar_fusion/build/lib/cam_lidar_fusion/oak_d_camera_calibration.py -> /home/tritonai/projects/sick_lidar_fusion_project/src/cam_lidar_fusion/install/cam_lidar_fusion/lib/python3.10/site-packages/cam_lidar_fusion
[0.653s] byte-compiling /home/tritonai/projects/sick_lidar_fusion_project/src/cam_lidar_fusion/install/cam_lidar_fusion/lib/python3.10/site-packages/cam_lidar_fusion/fusion_node.py to fusion_node.cpython-310.pyc
[0.655s] byte-compiling /home/tritonai/projects/sick_lidar_fusion_project/src/cam_lidar_fusion/install/cam_lidar_fusion/lib/python3.10/site-packages/cam_lidar_fusion/camera_calibration.py to camera_calibration.cpython-310.pyc
[0.655s] byte-compiling /home/tritonai/projects/sick_lidar_fusion_project/src/cam_lidar_fusion/install/cam_lidar_fusion/lib/python3.10/site-packages/cam_lidar_fusion/oak_d_camera_calibration.py to oak_d_camera_calibration.cpython-310.pyc
[0.656s] running install_data
[0.656s] running install_egg_info
[0.657s] removing '/home/tritonai/projects/sick_lidar_fusion_project/src/cam_lidar_fusion/install/cam_lidar_fusion/lib/python3.10/site-packages/cam_lidar_fusion-0.0.0-py3.10.egg-info' (and everything under it)
[0.657s] Copying build/cam_lidar_fusion/cam_lidar_fusion.egg-info to /home/tritonai/projects/sick_lidar_fusion_project/src/cam_lidar_fusion/install/cam_lidar_fusion/lib/python3.10/site-packages/cam_lidar_fusion-0.0.0-py3.10.egg-info
[0.658s] running install_scripts
[0.670s] Installing fusion_node script to /home/tritonai/projects/sick_lidar_fusion_project/src/cam_lidar_fusion/install/cam_lidar_fusion/lib/cam_lidar_fusion
[0.670s] writing list of installed files to '/home/tritonai/projects/sick_lidar_fusion_project/src/cam_lidar_fusion/build/cam_lidar_fusion/install.log'
[0.685s] Invoked command in '/home/tritonai/projects/sick_lidar_fusion_project/src/cam_lidar_fusion' returned '0': PYTHONPATH=/home/tritonai/projects/sick_lidar_fusion_project/src/cam_lidar_fusion/build/cam_lidar_fusion/prefix_override:/home/tritonai/projects/sick_lidar_fusion_project/src/cam_lidar_fusion/install/cam_lidar_fusion/lib/python3.10/site-packages:${PYTHONPATH} /usr/bin/python3 setup.py egg_info --egg-base build/cam_lidar_fusion build --build-base /home/tritonai/projects/sick_lidar_fusion_project/src/cam_lidar_fusion/build/cam_lidar_fusion/build install --record /home/tritonai/projects/sick_lidar_fusion_project/src/cam_lidar_fusion/build/cam_lidar_fusion/install.log --single-version-externally-managed
