[0.601s] Invoking command in '/home/tritonai/projects/sick_lidar_fusion_project/src/cam_lidar_fusion': PYTHONPATH=/home/tritonai/projects/sick_lidar_fusion_project/src/cam_lidar_fusion/build/cam_lidar_fusion/prefix_override:/home/tritonai/projects/sick_lidar_fusion_project/src/cam_lidar_fusion/install/cam_lidar_fusion/lib/python3.10/site-packages:${PYTHONPATH} /usr/bin/python3 setup.py egg_info --egg-base build/cam_lidar_fusion build --build-base /home/tritonai/projects/sick_lidar_fusion_project/src/cam_lidar_fusion/build/cam_lidar_fusion/build install --record /home/tritonai/projects/sick_lidar_fusion_project/src/cam_lidar_fusion/build/cam_lidar_fusion/install.log --single-version-externally-managed
[0.783s] running egg_info
[0.784s] writing build/cam_lidar_fusion/cam_lidar_fusion.egg-info/PKG-INFO
[0.784s] writing dependency_links to build/cam_lidar_fusion/cam_lidar_fusion.egg-info/dependency_links.txt
[0.784s] writing entry points to build/cam_lidar_fusion/cam_lidar_fusion.egg-info/entry_points.txt
[0.784s] writing requirements to build/cam_lidar_fusion/cam_lidar_fusion.egg-info/requires.txt
[0.784s] writing top-level names to build/cam_lidar_fusion/cam_lidar_fusion.egg-info/top_level.txt
[0.785s] reading manifest file 'build/cam_lidar_fusion/cam_lidar_fusion.egg-info/SOURCES.txt'
[0.786s] writing manifest file 'build/cam_lidar_fusion/cam_lidar_fusion.egg-info/SOURCES.txt'
[0.786s] running build
[0.786s] running build_py
[0.786s] copying cam_lidar_fusion/fusion_node.py -> /home/tritonai/projects/sick_lidar_fusion_project/src/cam_lidar_fusion/build/cam_lidar_fusion/build/lib/cam_lidar_fusion
[0.786s] running install
[0.786s] /usr/lib/python3/dist-packages/setuptools/command/install.py:34: SetuptoolsDeprecationWarning: setup.py install is deprecated. Use build and pip and other standards-based tools.
[0.786s]   warnings.warn(
[0.786s] running install_lib
[0.787s] copying /home/tritonai/projects/sick_lidar_fusion_project/src/cam_lidar_fusion/build/cam_lidar_fusion/build/lib/cam_lidar_fusion/fusion_node.py -> /home/tritonai/projects/sick_lidar_fusion_project/src/cam_lidar_fusion/install/cam_lidar_fusion/lib/python3.10/site-packages/cam_lidar_fusion
[0.787s] byte-compiling /home/tritonai/projects/sick_lidar_fusion_project/src/cam_lidar_fusion/install/cam_lidar_fusion/lib/python3.10/site-packages/cam_lidar_fusion/fusion_node.py to fusion_node.cpython-310.pyc
[0.787s]   File "/home/tritonai/projects/sick_lidar_fusion_project/src/cam_lidar_fusion/install/cam_lidar_fusion/lib/python3.10/site-packages/cam_lidar_fusion/fusion_node.py", line 59
[0.787s]     print(255.type)
[0.787s]              ^
[0.787s] SyntaxError: invalid decimal literal
[0.787s] 
[0.787s] running install_data
[0.788s] running install_egg_info
[0.788s] removing '/home/tritonai/projects/sick_lidar_fusion_project/src/cam_lidar_fusion/install/cam_lidar_fusion/lib/python3.10/site-packages/cam_lidar_fusion-0.0.0-py3.10.egg-info' (and everything under it)
[0.789s] Copying build/cam_lidar_fusion/cam_lidar_fusion.egg-info to /home/tritonai/projects/sick_lidar_fusion_project/src/cam_lidar_fusion/install/cam_lidar_fusion/lib/python3.10/site-packages/cam_lidar_fusion-0.0.0-py3.10.egg-info
[0.789s] running install_scripts
[0.802s] Installing fusion_node script to /home/tritonai/projects/sick_lidar_fusion_project/src/cam_lidar_fusion/install/cam_lidar_fusion/lib/cam_lidar_fusion
[0.802s] writing list of installed files to '/home/tritonai/projects/sick_lidar_fusion_project/src/cam_lidar_fusion/build/cam_lidar_fusion/install.log'
[0.817s] Invoked command in '/home/tritonai/projects/sick_lidar_fusion_project/src/cam_lidar_fusion' returned '0': PYTHONPATH=/home/tritonai/projects/sick_lidar_fusion_project/src/cam_lidar_fusion/build/cam_lidar_fusion/prefix_override:/home/tritonai/projects/sick_lidar_fusion_project/src/cam_lidar_fusion/install/cam_lidar_fusion/lib/python3.10/site-packages:${PYTHONPATH} /usr/bin/python3 setup.py egg_info --egg-base build/cam_lidar_fusion build --build-base /home/tritonai/projects/sick_lidar_fusion_project/src/cam_lidar_fusion/build/cam_lidar_fusion/build install --record /home/tritonai/projects/sick_lidar_fusion_project/src/cam_lidar_fusion/build/cam_lidar_fusion/install.log --single-version-externally-managed
