[1.019s] DEBUG:colcon:Command line arguments: ['/usr/bin/colcon', 'build']
[1.019s] DEBUG:colcon:Parsed command line arguments: Namespace(log_base=None, log_level=None, verb_name='build', build_base='build', install_base='install', merge_install=False, symlink_install=False, test_result_base=None, continue_on_error=False, executor='parallel', parallel_workers=12, event_handlers=None, ignore_user_meta=False, metas=['./colcon.meta'], base_paths=['.'], packages_ignore=None, packages_ignore_regex=None, paths=None, packages_up_to=None, packages_up_to_regex=None, packages_above=None, packages_above_and_dependencies=None, packages_above_depth=None, packages_select_by_dep=None, packages_skip_by_dep=None, packages_skip_up_to=None, packages_select_build_failed=False, packages_skip_build_finished=False, packages_select_test_failures=False, packages_skip_test_passed=False, packages_select=None, packages_skip=None, packages_select_regex=None, packages_skip_regex=None, packages_start=None, packages_end=None, allow_overriding=[], cmake_args=None, cmake_target=None, cmake_target_skip_unavailable=False, cmake_clean_cache=False, cmake_clean_first=False, cmake_force_configure=False, ament_cmake_args=None, catkin_cmake_args=None, catkin_skip_building_tests=False, verb_parser=<colcon_defaults.argument_parser.defaults.DefaultArgumentsDecorator object at 0x7f621db86020>, verb_extension=<colcon_core.verb.build.BuildVerb object at 0x7f621db772e0>, main=<bound method BuildVerb.main of <colcon_core.verb.build.BuildVerb object at 0x7f621db772e0>>)
[1.065s] Level 1:colcon.colcon_core.package_discovery:discover_packages(colcon_meta) check parameters
[1.065s] Level 1:colcon.colcon_core.package_discovery:discover_packages(recursive) check parameters
[1.065s] Level 1:colcon.colcon_core.package_discovery:discover_packages(ignore) check parameters
[1.065s] Level 1:colcon.colcon_core.package_discovery:discover_packages(path) check parameters
[1.065s] Level 1:colcon.colcon_core.package_discovery:discover_packages(colcon_meta) discover
[1.065s] Level 1:colcon.colcon_core.package_discovery:discover_packages(recursive) discover
[1.065s] INFO:colcon.colcon_core.package_discovery:Crawling recursively for packages in '/home/tritonai/projects/sick_lidar_fusion_project/src/cam_lidar_fusion'
[1.065s] Level 1:colcon.colcon_core.package_identification:_identify(.) by extensions ['ignore', 'ignore_ament_install']
[1.065s] Level 1:colcon.colcon_core.package_identification:_identify(.) by extension 'ignore'
[1.065s] Level 1:colcon.colcon_core.package_identification:_identify(.) by extension 'ignore_ament_install'
[1.065s] Level 1:colcon.colcon_core.package_identification:_identify(.) by extensions ['colcon_pkg']
[1.065s] Level 1:colcon.colcon_core.package_identification:_identify(.) by extension 'colcon_pkg'
[1.065s] Level 1:colcon.colcon_core.package_identification:_identify(.) by extensions ['colcon_meta']
[1.065s] Level 1:colcon.colcon_core.package_identification:_identify(.) by extension 'colcon_meta'
[1.065s] Level 1:colcon.colcon_core.package_identification:_identify(.) by extensions ['ros']
[1.065s] Level 1:colcon.colcon_core.package_identification:_identify(.) by extension 'ros'
[1.078s] DEBUG:colcon.colcon_core.package_identification:Package '.' with type 'ros.ament_python' and name 'cam_lidar_fusion'
[1.078s] Level 1:colcon.colcon_core.package_discovery:discover_packages(recursive) using defaults
[1.078s] Level 1:colcon.colcon_core.package_discovery:discover_packages(ignore) discover
[1.078s] Level 1:colcon.colcon_core.package_discovery:discover_packages(ignore) using defaults
[1.078s] Level 1:colcon.colcon_core.package_discovery:discover_packages(path) discover
[1.078s] Level 1:colcon.colcon_core.package_discovery:discover_packages(path) using defaults
[1.169s] Level 1:colcon.colcon_core.package_discovery:discover_packages(prefix_path) check parameters
[1.169s] Level 1:colcon.colcon_core.package_discovery:discover_packages(prefix_path) discover
[1.199s] DEBUG:colcon.colcon_installed_package_information.package_discovery:Found 1 installed packages in /home/tritonai/projects/sick_lidar_fusion_project/src/cam_lidar_fusion/install
[1.216s] DEBUG:colcon.colcon_installed_package_information.package_discovery:Found 316 installed packages in /opt/ros/humble
[1.225s] Level 1:colcon.colcon_core.package_discovery:discover_packages(prefix_path) using defaults
[1.319s] Level 5:colcon.colcon_core.verb:set package 'cam_lidar_fusion' build argument 'cmake_args' from command line to 'None'
[1.319s] Level 5:colcon.colcon_core.verb:set package 'cam_lidar_fusion' build argument 'cmake_target' from command line to 'None'
[1.319s] Level 5:colcon.colcon_core.verb:set package 'cam_lidar_fusion' build argument 'cmake_target_skip_unavailable' from command line to 'False'
[1.319s] Level 5:colcon.colcon_core.verb:set package 'cam_lidar_fusion' build argument 'cmake_clean_cache' from command line to 'False'
[1.319s] Level 5:colcon.colcon_core.verb:set package 'cam_lidar_fusion' build argument 'cmake_clean_first' from command line to 'False'
[1.319s] Level 5:colcon.colcon_core.verb:set package 'cam_lidar_fusion' build argument 'cmake_force_configure' from command line to 'False'
[1.319s] Level 5:colcon.colcon_core.verb:set package 'cam_lidar_fusion' build argument 'ament_cmake_args' from command line to 'None'
[1.319s] Level 5:colcon.colcon_core.verb:set package 'cam_lidar_fusion' build argument 'catkin_cmake_args' from command line to 'None'
[1.319s] Level 5:colcon.colcon_core.verb:set package 'cam_lidar_fusion' build argument 'catkin_skip_building_tests' from command line to 'False'
[1.319s] DEBUG:colcon.colcon_core.verb:Building package 'cam_lidar_fusion' with the following arguments: {'ament_cmake_args': None, 'build_base': '/home/tritonai/projects/sick_lidar_fusion_project/src/cam_lidar_fusion/build/cam_lidar_fusion', 'catkin_cmake_args': None, 'catkin_skip_building_tests': False, 'cmake_args': None, 'cmake_clean_cache': False, 'cmake_clean_first': False, 'cmake_force_configure': False, 'cmake_target': None, 'cmake_target_skip_unavailable': False, 'install_base': '/home/tritonai/projects/sick_lidar_fusion_project/src/cam_lidar_fusion/install/cam_lidar_fusion', 'merge_install': False, 'path': '/home/tritonai/projects/sick_lidar_fusion_project/src/cam_lidar_fusion', 'symlink_install': False, 'test_result_base': None}
[1.334s] INFO:colcon.colcon_core.executor:Executing jobs using 'parallel' executor
[1.349s] DEBUG:colcon.colcon_parallel_executor.executor.parallel:run_until_complete
[1.350s] INFO:colcon.colcon_ros.task.ament_python.build:Building ROS package in '/home/tritonai/projects/sick_lidar_fusion_project/src/cam_lidar_fusion' with build type 'ament_python'
[1.350s] Level 1:colcon.colcon_core.shell:create_environment_hook('cam_lidar_fusion', 'ament_prefix_path')
[1.366s] INFO:colcon.colcon_core.plugin_system:Skipping extension 'colcon_core.shell.bat': Not used on non-Windows systems
[1.366s] INFO:colcon.colcon_core.shell:Creating environment hook '/home/tritonai/projects/sick_lidar_fusion_project/src/cam_lidar_fusion/install/cam_lidar_fusion/share/cam_lidar_fusion/hook/ament_prefix_path.ps1'
[1.367s] INFO:colcon.colcon_core.shell:Creating environment descriptor '/home/tritonai/projects/sick_lidar_fusion_project/src/cam_lidar_fusion/install/cam_lidar_fusion/share/cam_lidar_fusion/hook/ament_prefix_path.dsv'
[1.367s] INFO:colcon.colcon_core.shell:Creating environment hook '/home/tritonai/projects/sick_lidar_fusion_project/src/cam_lidar_fusion/install/cam_lidar_fusion/share/cam_lidar_fusion/hook/ament_prefix_path.sh'
[1.383s] INFO:colcon.colcon_core.shell:Skip shell extension 'powershell' for command environment: Not usable outside of PowerShell
[1.383s] DEBUG:colcon.colcon_core.shell:Skip shell extension 'dsv' for command environment
[1.659s] INFO:colcon.colcon_core.task.python.build:Building Python package in '/home/tritonai/projects/sick_lidar_fusion_project/src/cam_lidar_fusion'
[1.674s] INFO:colcon.colcon_core.shell:Skip shell extension 'powershell' for command environment: Not usable outside of PowerShell
[1.674s] DEBUG:colcon.colcon_core.shell:Skip shell extension 'dsv' for command environment
[2.026s] DEBUG:colcon.colcon_core.event_handler.log_command:Invoking command in '/home/tritonai/projects/sick_lidar_fusion_project/src/cam_lidar_fusion': PYTHONPATH=/home/tritonai/projects/sick_lidar_fusion_project/src/cam_lidar_fusion/build/cam_lidar_fusion/prefix_override:/home/tritonai/projects/sick_lidar_fusion_project/src/cam_lidar_fusion/install/cam_lidar_fusion/lib/python3.10/site-packages:${PYTHONPATH} /usr/bin/python3 setup.py egg_info --egg-base build/cam_lidar_fusion build --build-base /home/tritonai/projects/sick_lidar_fusion_project/src/cam_lidar_fusion/build/cam_lidar_fusion/build install --record /home/tritonai/projects/sick_lidar_fusion_project/src/cam_lidar_fusion/build/cam_lidar_fusion/install.log --single-version-externally-managed
[2.282s] DEBUG:colcon.colcon_core.event_handler.log_command:Invoked command in '/home/tritonai/projects/sick_lidar_fusion_project/src/cam_lidar_fusion' returned '0': PYTHONPATH=/home/tritonai/projects/sick_lidar_fusion_project/src/cam_lidar_fusion/build/cam_lidar_fusion/prefix_override:/home/tritonai/projects/sick_lidar_fusion_project/src/cam_lidar_fusion/install/cam_lidar_fusion/lib/python3.10/site-packages:${PYTHONPATH} /usr/bin/python3 setup.py egg_info --egg-base build/cam_lidar_fusion build --build-base /home/tritonai/projects/sick_lidar_fusion_project/src/cam_lidar_fusion/build/cam_lidar_fusion/build install --record /home/tritonai/projects/sick_lidar_fusion_project/src/cam_lidar_fusion/build/cam_lidar_fusion/install.log --single-version-externally-managed
[2.299s] Level 1:colcon.colcon_core.environment:checking '/home/tritonai/projects/sick_lidar_fusion_project/src/cam_lidar_fusion/install/cam_lidar_fusion' for CMake module files
[2.300s] Level 1:colcon.colcon_core.environment:checking '/home/tritonai/projects/sick_lidar_fusion_project/src/cam_lidar_fusion/install/cam_lidar_fusion' for CMake config files
[2.300s] Level 1:colcon.colcon_core.environment:checking '/home/tritonai/projects/sick_lidar_fusion_project/src/cam_lidar_fusion/install/cam_lidar_fusion/lib'
[2.300s] Level 1:colcon.colcon_core.environment:checking '/home/tritonai/projects/sick_lidar_fusion_project/src/cam_lidar_fusion/install/cam_lidar_fusion/bin'
[2.300s] Level 1:colcon.colcon_core.environment:checking '/home/tritonai/projects/sick_lidar_fusion_project/src/cam_lidar_fusion/install/cam_lidar_fusion/lib/pkgconfig/cam_lidar_fusion.pc'
[2.301s] Level 1:colcon.colcon_core.environment:checking '/home/tritonai/projects/sick_lidar_fusion_project/src/cam_lidar_fusion/install/cam_lidar_fusion/lib/python3.10/site-packages'
[2.301s] Level 1:colcon.colcon_core.shell:create_environment_hook('cam_lidar_fusion', 'pythonpath')
[2.316s] INFO:colcon.colcon_core.shell:Creating environment hook '/home/tritonai/projects/sick_lidar_fusion_project/src/cam_lidar_fusion/install/cam_lidar_fusion/share/cam_lidar_fusion/hook/pythonpath.ps1'
[2.316s] INFO:colcon.colcon_core.shell:Creating environment descriptor '/home/tritonai/projects/sick_lidar_fusion_project/src/cam_lidar_fusion/install/cam_lidar_fusion/share/cam_lidar_fusion/hook/pythonpath.dsv'
[2.316s] INFO:colcon.colcon_core.shell:Creating environment hook '/home/tritonai/projects/sick_lidar_fusion_project/src/cam_lidar_fusion/install/cam_lidar_fusion/share/cam_lidar_fusion/hook/pythonpath.sh'
[2.317s] Level 1:colcon.colcon_core.environment:checking '/home/tritonai/projects/sick_lidar_fusion_project/src/cam_lidar_fusion/install/cam_lidar_fusion/bin'
[2.317s] Level 1:colcon.colcon_core.environment:create_environment_scripts_only(cam_lidar_fusion)
[2.332s] INFO:colcon.colcon_core.shell:Creating package script '/home/tritonai/projects/sick_lidar_fusion_project/src/cam_lidar_fusion/install/cam_lidar_fusion/share/cam_lidar_fusion/package.ps1'
[2.333s] INFO:colcon.colcon_core.shell:Creating package descriptor '/home/tritonai/projects/sick_lidar_fusion_project/src/cam_lidar_fusion/install/cam_lidar_fusion/share/cam_lidar_fusion/package.dsv'
[2.333s] INFO:colcon.colcon_core.shell:Creating package script '/home/tritonai/projects/sick_lidar_fusion_project/src/cam_lidar_fusion/install/cam_lidar_fusion/share/cam_lidar_fusion/package.sh'
[2.334s] INFO:colcon.colcon_core.shell:Creating package script '/home/tritonai/projects/sick_lidar_fusion_project/src/cam_lidar_fusion/install/cam_lidar_fusion/share/cam_lidar_fusion/package.bash'
[2.335s] INFO:colcon.colcon_core.shell:Creating package script '/home/tritonai/projects/sick_lidar_fusion_project/src/cam_lidar_fusion/install/cam_lidar_fusion/share/cam_lidar_fusion/package.zsh'
[2.335s] Level 1:colcon.colcon_core.environment:create_file_with_runtime_dependencies(/home/tritonai/projects/sick_lidar_fusion_project/src/cam_lidar_fusion/install/cam_lidar_fusion/share/colcon-core/packages/cam_lidar_fusion)
[2.336s] DEBUG:colcon.colcon_parallel_executor.executor.parallel:closing loop
[2.336s] DEBUG:colcon.colcon_parallel_executor.executor.parallel:loop closed
[2.336s] DEBUG:colcon.colcon_parallel_executor.executor.parallel:run_until_complete finished with '0'
[2.336s] DEBUG:colcon.colcon_core.event_reactor:joining thread
[2.353s] INFO:colcon.colcon_core.plugin_system:Skipping extension 'colcon_notification.desktop_notification.terminal_notifier': Not used on non-Darwin systems
[2.353s] INFO:colcon.colcon_core.plugin_system:Skipping extension 'colcon_notification.desktop_notification.win32': Not used on non-Windows systems
[2.353s] INFO:colcon.colcon_notification.desktop_notification:Sending desktop notification using 'notify2'
[2.363s] DEBUG:colcon.colcon_core.event_reactor:joined thread
[2.378s] INFO:colcon.colcon_core.shell:Creating prefix script '/home/tritonai/projects/sick_lidar_fusion_project/src/cam_lidar_fusion/install/local_setup.ps1'
[2.379s] INFO:colcon.colcon_core.shell:Creating prefix util module '/home/tritonai/projects/sick_lidar_fusion_project/src/cam_lidar_fusion/install/_local_setup_util_ps1.py'
[2.380s] INFO:colcon.colcon_core.shell:Creating prefix chain script '/home/tritonai/projects/sick_lidar_fusion_project/src/cam_lidar_fusion/install/setup.ps1'
[2.396s] INFO:colcon.colcon_core.shell:Creating prefix script '/home/tritonai/projects/sick_lidar_fusion_project/src/cam_lidar_fusion/install/local_setup.sh'
[2.397s] INFO:colcon.colcon_core.shell:Creating prefix util module '/home/tritonai/projects/sick_lidar_fusion_project/src/cam_lidar_fusion/install/_local_setup_util_sh.py'
[2.397s] INFO:colcon.colcon_core.shell:Creating prefix chain script '/home/tritonai/projects/sick_lidar_fusion_project/src/cam_lidar_fusion/install/setup.sh'
[2.413s] INFO:colcon.colcon_core.shell:Creating prefix script '/home/tritonai/projects/sick_lidar_fusion_project/src/cam_lidar_fusion/install/local_setup.bash'
[2.413s] INFO:colcon.colcon_core.shell:Creating prefix chain script '/home/tritonai/projects/sick_lidar_fusion_project/src/cam_lidar_fusion/install/setup.bash'
[2.429s] INFO:colcon.colcon_core.shell:Creating prefix script '/home/tritonai/projects/sick_lidar_fusion_project/src/cam_lidar_fusion/install/local_setup.zsh'
[2.430s] INFO:colcon.colcon_core.shell:Creating prefix chain script '/home/tritonai/projects/sick_lidar_fusion_project/src/cam_lidar_fusion/install/setup.zsh'
