[1.351s] DEBUG:colcon:Command line arguments: ['/usr/bin/colcon', 'list', '-p', '--base-paths', '/home/tritonai/projects/sick_lidar_fusion_project']
[1.351s] DEBUG:colcon:Parsed command line arguments: Namespace(log_base=None, log_level=None, verb_name='list', build_base='build', ignore_user_meta=False, metas=['./colcon.meta'], base_paths=['/home/tritonai/projects/sick_lidar_fusion_project'], packages_ignore=None, packages_ignore_regex=None, paths=None, packages_up_to=None, packages_up_to_regex=None, packages_above=None, packages_above_and_dependencies=None, packages_above_depth=None, packages_select_by_dep=None, packages_skip_by_dep=None, packages_skip_up_to=None, packages_select_build_failed=False, packages_skip_build_finished=False, packages_select_test_failures=False, packages_skip_test_passed=False, packages_select=None, packages_skip=None, packages_select_regex=None, packages_skip_regex=None, packages_start=None, packages_end=None, allow_overriding=[], topological_order=False, names_only=False, paths_only=True, topological_graph=False, topological_graph_dot=False, topological_graph_density=False, topological_graph_legend=False, topological_graph_dot_cluster=False, topological_graph_dot_include_skipped=False, verb_parser=<colcon_defaults.argument_parser.defaults.DefaultArgumentsDecorator object at 0x7f2bef5a0af0>, verb_extension=<colcon_package_information.verb.list.ListVerb object at 0x7f2bef5a1db0>, main=<bound method ListVerb.main of <colcon_package_information.verb.list.ListVerb object at 0x7f2bef5a1db0>>)
[1.412s] Level 1:colcon.colcon_core.package_discovery:discover_packages(colcon_meta) check parameters
[1.412s] Level 1:colcon.colcon_core.package_discovery:discover_packages(recursive) check parameters
[1.413s] Level 1:colcon.colcon_core.package_discovery:discover_packages(ignore) check parameters
[1.413s] Level 1:colcon.colcon_core.package_discovery:discover_packages(path) check parameters
[1.413s] Level 1:colcon.colcon_core.package_discovery:discover_packages(recursive) discover
[1.413s] INFO:colcon.colcon_core.package_discovery:Crawling recursively for packages in '/home/tritonai/projects/sick_lidar_fusion_project'
[1.413s] Level 1:colcon.colcon_core.package_identification:_identify(/home/tritonai/projects/sick_lidar_fusion_project) by extensions ['ignore', 'ignore_ament_install']
[1.413s] Level 1:colcon.colcon_core.package_identification:_identify(/home/tritonai/projects/sick_lidar_fusion_project) by extension 'ignore'
[1.413s] Level 1:colcon.colcon_core.package_identification:_identify(/home/tritonai/projects/sick_lidar_fusion_project) by extension 'ignore_ament_install'
[1.413s] Level 1:colcon.colcon_core.package_identification:_identify(/home/tritonai/projects/sick_lidar_fusion_project) by extensions ['colcon_pkg']
[1.413s] Level 1:colcon.colcon_core.package_identification:_identify(/home/tritonai/projects/sick_lidar_fusion_project) by extension 'colcon_pkg'
[1.413s] Level 1:colcon.colcon_core.package_identification:_identify(/home/tritonai/projects/sick_lidar_fusion_project) by extensions ['colcon_meta']
[1.413s] Level 1:colcon.colcon_core.package_identification:_identify(/home/tritonai/projects/sick_lidar_fusion_project) by extension 'colcon_meta'
[1.413s] Level 1:colcon.colcon_core.package_identification:_identify(/home/tritonai/projects/sick_lidar_fusion_project) by extensions ['ros']
[1.413s] Level 1:colcon.colcon_core.package_identification:_identify(/home/tritonai/projects/sick_lidar_fusion_project) by extension 'ros'
[1.427s] Level 1:colcon.colcon_core.package_identification:_identify(/home/tritonai/projects/sick_lidar_fusion_project) by extensions ['cmake', 'python']
[1.427s] Level 1:colcon.colcon_core.package_identification:_identify(/home/tritonai/projects/sick_lidar_fusion_project) by extension 'cmake'
[1.427s] Level 1:colcon.colcon_core.package_identification:_identify(/home/tritonai/projects/sick_lidar_fusion_project) by extension 'python'
[1.427s] Level 1:colcon.colcon_core.package_identification:_identify(/home/tritonai/projects/sick_lidar_fusion_project) by extensions ['python_setup_py']
[1.427s] Level 1:colcon.colcon_core.package_identification:_identify(/home/tritonai/projects/sick_lidar_fusion_project) by extension 'python_setup_py'
[1.427s] Level 1:colcon.colcon_core.package_identification:_identify(/home/tritonai/projects/sick_lidar_fusion_project/log) by extensions ['ignore', 'ignore_ament_install']
[1.427s] Level 1:colcon.colcon_core.package_identification:_identify(/home/tritonai/projects/sick_lidar_fusion_project/log) by extension 'ignore'
[1.427s] Level 1:colcon.colcon_core.package_identification:_identify(/home/tritonai/projects/sick_lidar_fusion_project/log) ignored
[1.427s] Level 1:colcon.colcon_core.package_identification:_identify(/home/tritonai/projects/sick_lidar_fusion_project/src) by extensions ['ignore', 'ignore_ament_install']
[1.427s] Level 1:colcon.colcon_core.package_identification:_identify(/home/tritonai/projects/sick_lidar_fusion_project/src) by extension 'ignore'
[1.427s] Level 1:colcon.colcon_core.package_identification:_identify(/home/tritonai/projects/sick_lidar_fusion_project/src) by extension 'ignore_ament_install'
[1.427s] Level 1:colcon.colcon_core.package_identification:_identify(/home/tritonai/projects/sick_lidar_fusion_project/src) by extensions ['colcon_pkg']
[1.428s] Level 1:colcon.colcon_core.package_identification:_identify(/home/tritonai/projects/sick_lidar_fusion_project/src) by extension 'colcon_pkg'
[1.428s] Level 1:colcon.colcon_core.package_identification:_identify(/home/tritonai/projects/sick_lidar_fusion_project/src) by extensions ['colcon_meta']
[1.428s] Level 1:colcon.colcon_core.package_identification:_identify(/home/tritonai/projects/sick_lidar_fusion_project/src) by extension 'colcon_meta'
[1.428s] Level 1:colcon.colcon_core.package_identification:_identify(/home/tritonai/projects/sick_lidar_fusion_project/src) by extensions ['ros']
[1.428s] Level 1:colcon.colcon_core.package_identification:_identify(/home/tritonai/projects/sick_lidar_fusion_project/src) by extension 'ros'
[1.428s] Level 1:colcon.colcon_core.package_identification:_identify(/home/tritonai/projects/sick_lidar_fusion_project/src) by extensions ['cmake', 'python']
[1.428s] Level 1:colcon.colcon_core.package_identification:_identify(/home/tritonai/projects/sick_lidar_fusion_project/src) by extension 'cmake'
[1.428s] Level 1:colcon.colcon_core.package_identification:_identify(/home/tritonai/projects/sick_lidar_fusion_project/src) by extension 'python'
[1.428s] Level 1:colcon.colcon_core.package_identification:_identify(/home/tritonai/projects/sick_lidar_fusion_project/src) by extensions ['python_setup_py']
[1.428s] Level 1:colcon.colcon_core.package_identification:_identify(/home/tritonai/projects/sick_lidar_fusion_project/src) by extension 'python_setup_py'
[1.428s] Level 1:colcon.colcon_core.package_identification:_identify(/home/tritonai/projects/sick_lidar_fusion_project/src/cam_lidar_fusion) by extensions ['ignore', 'ignore_ament_install']
[1.428s] Level 1:colcon.colcon_core.package_identification:_identify(/home/tritonai/projects/sick_lidar_fusion_project/src/cam_lidar_fusion) by extension 'ignore'
[1.428s] Level 1:colcon.colcon_core.package_identification:_identify(/home/tritonai/projects/sick_lidar_fusion_project/src/cam_lidar_fusion) by extension 'ignore_ament_install'
[1.428s] Level 1:colcon.colcon_core.package_identification:_identify(/home/tritonai/projects/sick_lidar_fusion_project/src/cam_lidar_fusion) by extensions ['colcon_pkg']
[1.428s] Level 1:colcon.colcon_core.package_identification:_identify(/home/tritonai/projects/sick_lidar_fusion_project/src/cam_lidar_fusion) by extension 'colcon_pkg'
[1.428s] Level 1:colcon.colcon_core.package_identification:_identify(/home/tritonai/projects/sick_lidar_fusion_project/src/cam_lidar_fusion) by extensions ['colcon_meta']
[1.428s] Level 1:colcon.colcon_core.package_identification:_identify(/home/tritonai/projects/sick_lidar_fusion_project/src/cam_lidar_fusion) by extension 'colcon_meta'
[1.428s] Level 1:colcon.colcon_core.package_identification:_identify(/home/tritonai/projects/sick_lidar_fusion_project/src/cam_lidar_fusion) by extensions ['ros']
[1.428s] Level 1:colcon.colcon_core.package_identification:_identify(/home/tritonai/projects/sick_lidar_fusion_project/src/cam_lidar_fusion) by extension 'ros'
[1.432s] DEBUG:colcon.colcon_core.package_identification:Package '/home/tritonai/projects/sick_lidar_fusion_project/src/cam_lidar_fusion' with type 'ros.ament_python' and name 'cam_lidar_fusion'
[1.432s] Level 1:colcon.colcon_core.package_discovery:discover_packages(recursive) using defaults
