running egg_info
creating build/cam_lidar_fusion/cam_lidar_fusion.egg-info
writing build/cam_lidar_fusion/cam_lidar_fusion.egg-info/PKG-INFO
writing dependency_links to build/cam_lidar_fusion/cam_lidar_fusion.egg-info/dependency_links.txt
writing entry points to build/cam_lidar_fusion/cam_lidar_fusion.egg-info/entry_points.txt
writing requirements to build/cam_lidar_fusion/cam_lidar_fusion.egg-info/requires.txt
writing top-level names to build/cam_lidar_fusion/cam_lidar_fusion.egg-info/top_level.txt
writing manifest file 'build/cam_lidar_fusion/cam_lidar_fusion.egg-info/SOURCES.txt'
reading manifest file 'build/cam_lidar_fusion/cam_lidar_fusion.egg-info/SOURCES.txt'
writing manifest file 'build/cam_lidar_fusion/cam_lidar_fusion.egg-info/SOURCES.txt'
running build
running build_py
creating /home/david/Documents/UCSD/TritonAI/sick_lidar_fusion_project/src/cam_lidar_fusion/build/cam_lidar_fusion/build
creating /home/david/Documents/UCSD/TritonAI/sick_lidar_fusion_project/src/cam_lidar_fusion/build/cam_lidar_fusion/build/lib
creating /home/david/Documents/UCSD/TritonAI/sick_lidar_fusion_project/src/cam_lidar_fusion/build/cam_lidar_fusion/build/lib/cam_lidar_fusion
copying cam_lidar_fusion/camera_calibration.py -> /home/david/Documents/UCSD/TritonAI/sick_lidar_fusion_project/src/cam_lidar_fusion/build/cam_lidar_fusion/build/lib/cam_lidar_fusion
copying cam_lidar_fusion/__init__.py -> /home/david/Documents/UCSD/TritonAI/sick_lidar_fusion_project/src/cam_lidar_fusion/build/cam_lidar_fusion/build/lib/cam_lidar_fusion
copying cam_lidar_fusion/fusion_node.py -> /home/david/Documents/UCSD/TritonAI/sick_lidar_fusion_project/src/cam_lidar_fusion/build/cam_lidar_fusion/build/lib/cam_lidar_fusion
copying cam_lidar_fusion/project_pointcloudy_to_image.py -> /home/david/Documents/UCSD/TritonAI/sick_lidar_fusion_project/src/cam_lidar_fusion/build/cam_lidar_fusion/build/lib/cam_lidar_fusion
running install
running install_lib
creating /home/david/Documents/UCSD/TritonAI/sick_lidar_fusion_project/src/cam_lidar_fusion/install/cam_lidar_fusion/lib/python3.10/site-packages/cam_lidar_fusion
copying /home/david/Documents/UCSD/TritonAI/sick_lidar_fusion_project/src/cam_lidar_fusion/build/cam_lidar_fusion/build/lib/cam_lidar_fusion/camera_calibration.py -> /home/david/Documents/UCSD/TritonAI/sick_lidar_fusion_project/src/cam_lidar_fusion/install/cam_lidar_fusion/lib/python3.10/site-packages/cam_lidar_fusion
copying /home/david/Documents/UCSD/TritonAI/sick_lidar_fusion_project/src/cam_lidar_fusion/build/cam_lidar_fusion/build/lib/cam_lidar_fusion/__init__.py -> /home/david/Documents/UCSD/TritonAI/sick_lidar_fusion_project/src/cam_lidar_fusion/install/cam_lidar_fusion/lib/python3.10/site-packages/cam_lidar_fusion
copying /home/david/Documents/UCSD/TritonAI/sick_lidar_fusion_project/src/cam_lidar_fusion/build/cam_lidar_fusion/build/lib/cam_lidar_fusion/fusion_node.py -> /home/david/Documents/UCSD/TritonAI/sick_lidar_fusion_project/src/cam_lidar_fusion/install/cam_lidar_fusion/lib/python3.10/site-packages/cam_lidar_fusion
copying /home/david/Documents/UCSD/TritonAI/sick_lidar_fusion_project/src/cam_lidar_fusion/build/cam_lidar_fusion/build/lib/cam_lidar_fusion/project_pointcloudy_to_image.py -> /home/david/Documents/UCSD/TritonAI/sick_lidar_fusion_project/src/cam_lidar_fusion/install/cam_lidar_fusion/lib/python3.10/site-packages/cam_lidar_fusion
byte-compiling /home/david/Documents/UCSD/TritonAI/sick_lidar_fusion_project/src/cam_lidar_fusion/install/cam_lidar_fusion/lib/python3.10/site-packages/cam_lidar_fusion/camera_calibration.py to camera_calibration.cpython-310.pyc
byte-compiling /home/david/Documents/UCSD/TritonAI/sick_lidar_fusion_project/src/cam_lidar_fusion/install/cam_lidar_fusion/lib/python3.10/site-packages/cam_lidar_fusion/__init__.py to __init__.cpython-310.pyc
byte-compiling /home/david/Documents/UCSD/TritonAI/sick_lidar_fusion_project/src/cam_lidar_fusion/install/cam_lidar_fusion/lib/python3.10/site-packages/cam_lidar_fusion/fusion_node.py to fusion_node.cpython-310.pyc
byte-compiling /home/david/Documents/UCSD/TritonAI/sick_lidar_fusion_project/src/cam_lidar_fusion/install/cam_lidar_fusion/lib/python3.10/site-packages/cam_lidar_fusion/project_pointcloudy_to_image.py to project_pointcloudy_to_image.cpython-310.pyc
running install_data
creating /home/david/Documents/UCSD/TritonAI/sick_lidar_fusion_project/src/cam_lidar_fusion/install/cam_lidar_fusion/share/ament_index
creating /home/david/Documents/UCSD/TritonAI/sick_lidar_fusion_project/src/cam_lidar_fusion/install/cam_lidar_fusion/share/ament_index/resource_index
creating /home/david/Documents/UCSD/TritonAI/sick_lidar_fusion_project/src/cam_lidar_fusion/install/cam_lidar_fusion/share/ament_index/resource_index/packages
copying resource/cam_lidar_fusion -> /home/david/Documents/UCSD/TritonAI/sick_lidar_fusion_project/src/cam_lidar_fusion/install/cam_lidar_fusion/share/ament_index/resource_index/packages
copying package.xml -> /home/david/Documents/UCSD/TritonAI/sick_lidar_fusion_project/src/cam_lidar_fusion/install/cam_lidar_fusion/share/cam_lidar_fusion
running install_egg_info
Copying build/cam_lidar_fusion/cam_lidar_fusion.egg-info to /home/david/Documents/UCSD/TritonAI/sick_lidar_fusion_project/src/cam_lidar_fusion/install/cam_lidar_fusion/lib/python3.10/site-packages/cam_lidar_fusion-0.0.0-py3.10.egg-info
running install_scripts
writing list of installed files to '/home/david/Documents/UCSD/TritonAI/sick_lidar_fusion_project/src/cam_lidar_fusion/build/cam_lidar_fusion/install.log'
