[0.540s] Invoking command in '/home/david/Documents/UCSD/TritonAI/sick_lidar_fusion_project/src/cam_lidar_fusion': PYTHONPATH=/home/david/Documents/UCSD/TritonAI/sick_lidar_fusion_project/src/cam_lidar_fusion/build/cam_lidar_fusion/prefix_override:/home/david/Documents/UCSD/TritonAI/sick_lidar_fusion_project/src/cam_lidar_fusion/install/cam_lidar_fusion/lib/python3.10/site-packages:${PYTHONPATH} /usr/bin/python3 setup.py egg_info --egg-base build/cam_lidar_fusion build --build-base /home/david/Documents/UCSD/TritonAI/sick_lidar_fusion_project/src/cam_lidar_fusion/build/cam_lidar_fusion/build install --record /home/david/Documents/UCSD/TritonAI/sick_lidar_fusion_project/src/cam_lidar_fusion/build/cam_lidar_fusion/install.log --single-version-externally-managed
[0.704s] running egg_info
[0.704s] writing build/cam_lidar_fusion/cam_lidar_fusion.egg-info/PKG-INFO
[0.704s] writing dependency_links to build/cam_lidar_fusion/cam_lidar_fusion.egg-info/dependency_links.txt
[0.704s] writing entry points to build/cam_lidar_fusion/cam_lidar_fusion.egg-info/entry_points.txt
[0.704s] writing requirements to build/cam_lidar_fusion/cam_lidar_fusion.egg-info/requires.txt
[0.704s] writing top-level names to build/cam_lidar_fusion/cam_lidar_fusion.egg-info/top_level.txt
[0.705s] reading manifest file 'build/cam_lidar_fusion/cam_lidar_fusion.egg-info/SOURCES.txt'
[0.706s] writing manifest file 'build/cam_lidar_fusion/cam_lidar_fusion.egg-info/SOURCES.txt'
[0.706s] running build
[0.706s] running build_py
[0.706s] copying cam_lidar_fusion/fusion_node.py -> /home/david/Documents/UCSD/TritonAI/sick_lidar_fusion_project/src/cam_lidar_fusion/build/cam_lidar_fusion/build/lib/cam_lidar_fusion
[0.706s] running install
[0.707s] /usr/lib/python3/dist-packages/setuptools/command/install.py:34: SetuptoolsDeprecationWarning: setup.py install is deprecated. Use build and pip and other standards-based tools.
[0.707s]   warnings.warn(
[0.707s] running install_lib
[0.707s] copying /home/david/Documents/UCSD/TritonAI/sick_lidar_fusion_project/src/cam_lidar_fusion/build/cam_lidar_fusion/build/lib/cam_lidar_fusion/fusion_node.py -> /home/david/Documents/UCSD/TritonAI/sick_lidar_fusion_project/src/cam_lidar_fusion/install/cam_lidar_fusion/lib/python3.10/site-packages/cam_lidar_fusion
[0.707s] byte-compiling /home/david/Documents/UCSD/TritonAI/sick_lidar_fusion_project/src/cam_lidar_fusion/install/cam_lidar_fusion/lib/python3.10/site-packages/cam_lidar_fusion/fusion_node.py to fusion_node.cpython-310.pyc
[0.708s] running install_data
[0.708s] running install_egg_info
[0.709s] removing '/home/david/Documents/UCSD/TritonAI/sick_lidar_fusion_project/src/cam_lidar_fusion/install/cam_lidar_fusion/lib/python3.10/site-packages/cam_lidar_fusion-0.0.0-py3.10.egg-info' (and everything under it)
[0.709s] Copying build/cam_lidar_fusion/cam_lidar_fusion.egg-info to /home/david/Documents/UCSD/TritonAI/sick_lidar_fusion_project/src/cam_lidar_fusion/install/cam_lidar_fusion/lib/python3.10/site-packages/cam_lidar_fusion-0.0.0-py3.10.egg-info
[0.710s] running install_scripts
[0.723s] Installing fusion_node script to /home/david/Documents/UCSD/TritonAI/sick_lidar_fusion_project/src/cam_lidar_fusion/install/cam_lidar_fusion/lib/cam_lidar_fusion
[0.723s] writing list of installed files to '/home/david/Documents/UCSD/TritonAI/sick_lidar_fusion_project/src/cam_lidar_fusion/build/cam_lidar_fusion/install.log'
[0.740s] Invoked command in '/home/david/Documents/UCSD/TritonAI/sick_lidar_fusion_project/src/cam_lidar_fusion' returned '0': PYTHONPATH=/home/david/Documents/UCSD/TritonAI/sick_lidar_fusion_project/src/cam_lidar_fusion/build/cam_lidar_fusion/prefix_override:/home/david/Documents/UCSD/TritonAI/sick_lidar_fusion_project/src/cam_lidar_fusion/install/cam_lidar_fusion/lib/python3.10/site-packages:${PYTHONPATH} /usr/bin/python3 setup.py egg_info --egg-base build/cam_lidar_fusion build --build-base /home/david/Documents/UCSD/TritonAI/sick_lidar_fusion_project/src/cam_lidar_fusion/build/cam_lidar_fusion/build install --record /home/david/Documents/UCSD/TritonAI/sick_lidar_fusion_project/src/cam_lidar_fusion/build/cam_lidar_fusion/install.log --single-version-externally-managed
